<?xml version="1.0" encoding="UTF-8" ?>
<testsuite tests="7" failures="0" name="fr.uvsq.rinshen.ex51.TestPersonnel" time="0.006" errors="0" skipped="0">
  <properties>
[...]
</properties>
  <testcase classname="fr.uvsq.rinshen.ex51.TestPersonnel" name="testNom" time="0"/>
  <testcase classname="fr.uvsq.rinshen.ex51.TestPersonnel" name="testFonction" time="0.001"/>
  <testcase classname="fr.uvsq.rinshen.ex51.TestPersonnel" name="testNumTelephone" time="0.001"/>
  <testcase classname="fr.uvsq.rinshen.ex51.TestPersonnel" name="testSerialisationPersonnel" time="0.004"/>
  <testcase classname="fr.uvsq.rinshen.ex51.TestPersonnel" name="testEquals" time="0"/>
  <testcase classname="fr.uvsq.rinshen.ex51.TestPersonnel" name="testPrenom" time="0"/>
  <testcase classname="fr.uvsq.rinshen.ex51.TestPersonnel" name="testDateNaissance" time="0"/>
</testsuite>